<?xml version="1.0" encoding="UTF-8"?>
<!-- Generated by org.testng.reporters.JUnitReportReporter -->
<testsuite hostname="Lohiths-MacBook-Air.local" failures="0" tests="4" name="api.test.UserTest" time="8.761" errors="0" timestamp="2023-03-07T07:33:12 IST" skipped="0">
  <testcase classname="api.test.UserTest" name="postUser" time="2.601"/>
  <system-out/>
  <testcase classname="api.test.UserTest" name="getUser" time="1.185"/>
  <system-out/>
  <testcase classname="api.test.UserTest" name="putUser" time="1.506"/>
  <system-out/>
  <testcase classname="api.test.UserTest" name="deleteUser" time="3.469"/>
  <system-out/>
</testsuite> <!-- api.test.UserTest -->
