<?xml version="1.0" encoding="UTF-8"?>
<!-- Generated by org.testng.reporters.JUnitReportReporter -->
<testsuite hostname="Lohiths-MacBook-Air.local" failures="0" tests="12" name="api.test.DataDrivenTests" time="22.932" errors="0" timestamp="2023-03-09T07:29:33 IST" skipped="0">
  <testcase classname="api.test.DataDrivenTests" name="postUser" time="7.025"/>
  <system-out/>
  <testcase classname="api.test.DataDrivenTests" name="postUser" time="1.396"/>
  <system-out/>
  <testcase classname="api.test.DataDrivenTests" name="postUser" time="1.192"/>
  <system-out/>
  <testcase classname="api.test.DataDrivenTests" name="getUser" time="1.345"/>
  <system-out/>
  <testcase classname="api.test.DataDrivenTests" name="getUser" time="1.519"/>
  <system-out/>
  <testcase classname="api.test.DataDrivenTests" name="getUser" time="1.518"/>
  <system-out/>
  <testcase classname="api.test.DataDrivenTests" name="updateUser" time="2.147"/>
  <system-out/>
  <testcase classname="api.test.DataDrivenTests" name="updateUser" time="1.451"/>
  <system-out/>
  <testcase classname="api.test.DataDrivenTests" name="updateUser" time="1.291"/>
  <system-out/>
  <testcase classname="api.test.DataDrivenTests" name="deleteUser" time="1.389"/>
  <system-out/>
  <testcase classname="api.test.DataDrivenTests" name="deleteUser" time="1.535"/>
  <system-out/>
  <testcase classname="api.test.DataDrivenTests" name="deleteUser" time="1.124"/>
  <system-out/>
</testsuite> <!-- api.test.DataDrivenTests -->
